<?xml version="1.0" encoding="UTF-8"?>
<testng-results skipped="0" failed="0" total="1" passed="1">
  <reporter-output>
  </reporter-output>
  <suite name="SeleniumTests" duration-ms="5155" started-at="2024-05-17T14:07:46Z" finished-at="2024-05-17T14:07:51Z">
    <groups>
    </groups>
    <test name="LoginTest" duration-ms="5155" started-at="2024-05-17T14:07:46Z" finished-at="2024-05-17T14:07:51Z">
      <class name="com.apr2024framework.script.LoginTest">
        <test-method status="PASS" signature="setUp()[pri:0, instance:com.apr2024framework.script.LoginTest@4439f31e]" name="setUp" is-config="true" duration-ms="1931" started-at="2024-05-17T19:37:46Z" finished-at="2024-05-17T19:37:48Z">
          <reporter-output>
          </reporter-output>
        </test-method> <!-- setUp -->
        <test-method status="PASS" signature="testLogin()[pri:0, instance:com.apr2024framework.script.LoginTest@4439f31e]" name="testLogin" duration-ms="2510" started-at="2024-05-17T19:37:48Z" finished-at="2024-05-17T19:37:50Z">
          <reporter-output>
          </reporter-output>
        </test-method> <!-- testLogin -->
        <test-method status="PASS" signature="tearDown()[pri:0, instance:com.apr2024framework.script.LoginTest@4439f31e]" name="tearDown" is-config="true" duration-ms="704" started-at="2024-05-17T19:37:50Z" finished-at="2024-05-17T19:37:51Z">
          <reporter-output>
          </reporter-output>
        </test-method> <!-- tearDown -->
      </class> <!-- com.apr2024framework.script.LoginTest -->
    </test> <!-- LoginTest -->
  </suite> <!-- SeleniumTests -->
</testng-results>
