<?xml version="1.0" encoding="UTF-8"?>
<testng-results skipped="0" failed="0" total="1" passed="1">
  <reporter-output>
  </reporter-output>
  <suite name="SeleniumTests" duration-ms="24395" started-at="2024-05-15T15:24:33Z" finished-at="2024-05-15T15:24:57Z">
    <groups>
    </groups>
    <test name="LoginTest" duration-ms="24395" started-at="2024-05-15T15:24:33Z" finished-at="2024-05-15T15:24:57Z">
      <class name="com.apr2024framework.script.LoginTest">
        <test-method status="PASS" signature="setUp()[pri:0, instance:com.apr2024framework.script.LoginTest@2ef5e5e3]" name="setUp" is-config="true" duration-ms="15507" started-at="2024-05-15T20:54:33Z" finished-at="2024-05-15T20:54:48Z">
          <reporter-output>
          </reporter-output>
        </test-method> <!-- setUp -->
        <test-method status="PASS" signature="testLogin()[pri:0, instance:com.apr2024framework.script.LoginTest@2ef5e5e3]" name="testLogin" duration-ms="7706" started-at="2024-05-15T20:54:48Z" finished-at="2024-05-15T20:54:56Z">
          <reporter-output>
          </reporter-output>
        </test-method> <!-- testLogin -->
        <test-method status="PASS" signature="tearDown()[pri:0, instance:com.apr2024framework.script.LoginTest@2ef5e5e3]" name="tearDown" is-config="true" duration-ms="1169" started-at="2024-05-15T20:54:56Z" finished-at="2024-05-15T20:54:57Z">
          <reporter-output>
          </reporter-output>
        </test-method> <!-- tearDown -->
      </class> <!-- com.apr2024framework.script.LoginTest -->
    </test> <!-- LoginTest -->
  </suite> <!-- SeleniumTests -->
</testng-results>
